c:\users\riley\onedrive\desktop\projects\current\miscspaceengine\build\build_files\obj\x64\debug\miscspaceengine\vc143.pdb
c:\users\riley\onedrive\desktop\projects\current\miscspaceengine\build\build_files\obj\x64\debug\miscspaceengine\vc143.idb
c:\users\riley\onedrive\desktop\projects\current\miscspaceengine\build\build_files\obj\x64\debug\miscspaceengine\main.obj
c:\users\riley\onedrive\desktop\projects\current\miscspaceengine\build\build_files\obj\x64\debug\miscspaceengine\tile.obj
c:\users\riley\onedrive\desktop\projects\current\miscspaceengine\build\build_files\obj\x64\debug\miscspaceengine\tileset.obj
c:\users\riley\onedrive\desktop\projects\current\miscspaceengine\build\build_files\obj\x64\debug\miscspaceengine\texturemanager.obj
c:\users\riley\onedrive\desktop\projects\current\miscspaceengine\build\build_files\obj\x64\debug\miscspaceengine\mapmanager.obj
c:\users\riley\onedrive\desktop\projects\current\miscspaceengine\bin\debug\miscspaceengine.exe
c:\users\riley\onedrive\desktop\projects\current\miscspaceengine\bin\debug\miscspaceengine.pdb
c:\users\riley\onedrive\desktop\projects\current\miscspaceengine\build\build_files\obj\x64\debug\miscspaceengine\application.res
c:\users\riley\onedrive\desktop\projects\current\miscspaceengine\build\build_files\obj\x64\debug\miscspaceengine\miscspaceengine.ilk
c:\users\riley\onedrive\desktop\projects\current\miscspaceengine\build\build_files\..\..\bin\debug\miscspaceengine.pdb
c:\users\riley\onedrive\desktop\projects\current\miscspaceengine\build\build_files\obj\x64\debug\miscspaceengine\miscspaceengine.vcxproj.filelistabsolute.txt
c:\users\riley\onedrive\desktop\projects\current\miscspaceengine\build\build_files\obj\x64\debug\miscspaceengine\miscspaceengine.tlog\cl.command.1.tlog
c:\users\riley\onedrive\desktop\projects\current\miscspaceengine\build\build_files\obj\x64\debug\miscspaceengine\miscspaceengine.tlog\cl.items.tlog
c:\users\riley\onedrive\desktop\projects\current\miscspaceengine\build\build_files\obj\x64\debug\miscspaceengine\miscspaceengine.tlog\cl.read.1.tlog
c:\users\riley\onedrive\desktop\projects\current\miscspaceengine\build\build_files\obj\x64\debug\miscspaceengine\miscspaceengine.tlog\cl.write.1.tlog
c:\users\riley\onedrive\desktop\projects\current\miscspaceengine\build\build_files\obj\x64\debug\miscspaceengine\miscspaceengine.tlog\link.command.1.tlog
c:\users\riley\onedrive\desktop\projects\current\miscspaceengine\build\build_files\obj\x64\debug\miscspaceengine\miscspaceengine.tlog\link.read.1.tlog
c:\users\riley\onedrive\desktop\projects\current\miscspaceengine\build\build_files\obj\x64\debug\miscspaceengine\miscspaceengine.tlog\link.secondary.1.tlog
c:\users\riley\onedrive\desktop\projects\current\miscspaceengine\build\build_files\obj\x64\debug\miscspaceengine\miscspaceengine.tlog\link.write.1.tlog
c:\users\riley\onedrive\desktop\projects\current\miscspaceengine\build\build_files\obj\x64\debug\miscspaceengine\miscspaceengine.tlog\rc.command.1.tlog
c:\users\riley\onedrive\desktop\projects\current\miscspaceengine\build\build_files\obj\x64\debug\miscspaceengine\miscspaceengine.tlog\rc.read.1.tlog
c:\users\riley\onedrive\desktop\projects\current\miscspaceengine\build\build_files\obj\x64\debug\miscspaceengine\miscspaceengine.tlog\rc.write.1.tlog
