c:\users\riley\onedrive\desktop\projects\current\miscspaceengine\bin\debug\raylib.pdb
c:\users\riley\onedrive\desktop\projects\current\miscspaceengine\bin\debug\raylib.idb
c:\users\riley\onedrive\desktop\projects\current\miscspaceengine\build\build_files\obj\x64\debug\raylib\utils.obj
c:\users\riley\onedrive\desktop\projects\current\miscspaceengine\build\build_files\obj\x64\debug\raylib\rtextures.obj
c:\users\riley\onedrive\desktop\projects\current\miscspaceengine\build\build_files\obj\x64\debug\raylib\rtext.obj
c:\users\riley\onedrive\desktop\projects\current\miscspaceengine\build\build_files\obj\x64\debug\raylib\rshapes.obj
c:\users\riley\onedrive\desktop\projects\current\miscspaceengine\build\build_files\obj\x64\debug\raylib\rmodels.obj
c:\users\riley\onedrive\desktop\projects\current\miscspaceengine\build\build_files\obj\x64\debug\raylib\rglfw.obj
c:\users\riley\onedrive\desktop\projects\current\miscspaceengine\build\build_files\obj\x64\debug\raylib\rcore.obj
c:\users\riley\onedrive\desktop\projects\current\miscspaceengine\build\build_files\obj\x64\debug\raylib\raudio.obj
c:\users\riley\onedrive\desktop\projects\current\miscspaceengine\bin\debug\raylib.lib
c:\users\riley\onedrive\desktop\projects\current\miscspaceengine\build\build_files\..\..\bin\debug\raylib.pdb
c:\users\riley\onedrive\desktop\projects\current\miscspaceengine\build\build_files\obj\x64\debug\raylib\raylib.vcxproj.filelistabsolute.txt
c:\users\riley\onedrive\desktop\projects\current\miscspaceengine\build\build_files\obj\x64\debug\raylib\raylib.tlog\cl.command.1.tlog
c:\users\riley\onedrive\desktop\projects\current\miscspaceengine\build\build_files\obj\x64\debug\raylib\raylib.tlog\cl.items.tlog
c:\users\riley\onedrive\desktop\projects\current\miscspaceengine\build\build_files\obj\x64\debug\raylib\raylib.tlog\cl.read.1.tlog
c:\users\riley\onedrive\desktop\projects\current\miscspaceengine\build\build_files\obj\x64\debug\raylib\raylib.tlog\cl.write.1.tlog
c:\users\riley\onedrive\desktop\projects\current\miscspaceengine\build\build_files\obj\x64\debug\raylib\raylib.tlog\lib-link.read.1.tlog
c:\users\riley\onedrive\desktop\projects\current\miscspaceengine\build\build_files\obj\x64\debug\raylib\raylib.tlog\lib-link.write.1.tlog
c:\users\riley\onedrive\desktop\projects\current\miscspaceengine\build\build_files\obj\x64\debug\raylib\raylib.tlog\lib.command.1.tlog
